<?xml version="1.0" encoding="UTF-8"?>
<testsuite name="postMethodTests.LoginMethods.UnsuccessfulLoginTest" tests="1" skipped="0" failures="0" errors="0" timestamp="2024-09-08T17:18:43" hostname="DESKTOP-FL91MBP" time="0.571">
  <properties/>
  <testcase name="postTest_assertEquals()" classname="postMethodTests.LoginMethods.UnsuccessfulLoginTest" time="0.571"/>
  <system-out><![CDATA[2024-09-08 20:18:43 INFO  UnsuccessfulLoginTest:35 - 
Status Code: 400.
Time for Response: 565 ms.

2024-09-08 20:18:43 INFO  UnsuccessfulLoginTest:38 - 
Field 'message', введенное при создании: Missing password, также 'message' отображаемое в созданном пользователе: Missing password.

]]></system-out>
  <system-err><![CDATA[]]></system-err>
</testsuite>
