<?xml version="1.0" encoding="UTF-8"?>
<testsuite name="getMethodTests.Resources.GetOnceResourceTests" tests="1" skipped="0" failures="0" errors="0" timestamp="2024-08-29T18:55:25" hostname="DESKTOP-FL91MBP" time="1.314">
  <properties/>
  <testcase name="getResource_assertNotNull()" classname="getMethodTests.Resources.GetOnceResourceTests" time="1.314"/>
  <system-out><![CDATA[HTTP/1.1 200 OK
Date: Thu, 29 Aug 2024 18:55:25 GMT
Content-Type: application/json; charset=utf-8
Transfer-Encoding: chunked
Connection: keep-alive
Report-To: {"group":"heroku-nel","max_age":3600,"endpoints":[{"url":"https://nel.heroku.com/reports?ts=1724925090&sid=c4c9725f-1ab0-44d8-820f-430df2718e11&s=1o9sUcgLpj9J9REs1rNouIZFVH7N%2FO5xblwEob4ugok%3D"}]}
Reporting-Endpoints: heroku-nel=https://nel.heroku.com/reports?ts=1724925090&sid=c4c9725f-1ab0-44d8-820f-430df2718e11&s=1o9sUcgLpj9J9REs1rNouIZFVH7N%2FO5xblwEob4ugok%3D
Nel: {"report_to":"heroku-nel","max_age":3600,"success_fraction":0.005,"failure_fraction":0.05,"response_headers":["Via"]}
X-Powered-By: Express
Access-Control-Allow-Origin: *
Etag: W/"e8-ov4wWh4/OY1IMQMqWgskYtOFnVs"
Via: 1.1 vegur
Cache-Control: max-age=14400
CF-Cache-Status: REVALIDATED
Vary: Accept-Encoding
Server: cloudflare
CF-RAY: 8baec1579d07ca58-HAM
Content-Encoding: gzip

{
    "data": {
        "id": 2,
        "name": "fuchsia rose",
        "year": 2001,
        "color": "#C74375",
        "pantone_value": "17-2031"
    },
    "support": {
        "url": "https://reqres.in/#support-heading",
        "text": "To keep ReqRes free, contributions towards server costs are appreciated!"
    }
}
]]></system-out>
  <system-err><![CDATA[]]></system-err>
</testsuite>
