<?xml version="1.0" encoding="UTF-8"?>
<testsuite name="postMethodTests.LoginMethods.SuccessfulLoginTests" tests="2" skipped="0" failures="0" errors="0" timestamp="2024-08-29T18:55:31" hostname="DESKTOP-FL91MBP" time="1.018">
  <properties/>
  <testcase name="postTest_assertEqualsToken()" classname="postMethodTests.LoginMethods.SuccessfulLoginTests" time="0.508"/>
  <testcase name="postTest_assertNotNullToken()" classname="postMethodTests.LoginMethods.SuccessfulLoginTests" time="0.508"/>
  <system-out><![CDATA[HTTP/1.1 200 OK
Date: Thu, 29 Aug 2024 18:55:31 GMT
Content-Type: application/json; charset=utf-8
Content-Length: 29
Connection: keep-alive
Report-To: {"group":"heroku-nel","max_age":3600,"endpoints":[{"url":"https://nel.heroku.com/reports?ts=1724957731&sid=c4c9725f-1ab0-44d8-820f-430df2718e11&s=iE4GLJkaKGNpiw8NWFaz5%2Bu0iJIqF8yVQyQ2VlQr8zw%3D"}]}
Reporting-Endpoints: heroku-nel=https://nel.heroku.com/reports?ts=1724957731&sid=c4c9725f-1ab0-44d8-820f-430df2718e11&s=iE4GLJkaKGNpiw8NWFaz5%2Bu0iJIqF8yVQyQ2VlQr8zw%3D
Nel: {"report_to":"heroku-nel","max_age":3600,"success_fraction":0.005,"failure_fraction":0.05,"response_headers":["Via"]}
X-Powered-By: Express
Access-Control-Allow-Origin: *
Etag: W/"1d-lGCrvD6B7Qzk11+2C98+nGhhuec"
Via: 1.1 vegur
CF-Cache-Status: DYNAMIC
Server: cloudflare
CF-RAY: 8baec17b7fff6304-HAM

{
    "token": "QpwL5tke4Pnpja7X4"
}
HTTP/1.1 200 OK
Date: Thu, 29 Aug 2024 18:55:31 GMT
Content-Type: application/json; charset=utf-8
Content-Length: 29
Connection: keep-alive
Report-To: {"group":"heroku-nel","max_age":3600,"endpoints":[{"url":"https://nel.heroku.com/reports?ts=1724957731&sid=c4c9725f-1ab0-44d8-820f-430df2718e11&s=iE4GLJkaKGNpiw8NWFaz5%2Bu0iJIqF8yVQyQ2VlQr8zw%3D"}]}
Reporting-Endpoints: heroku-nel=https://nel.heroku.com/reports?ts=1724957731&sid=c4c9725f-1ab0-44d8-820f-430df2718e11&s=iE4GLJkaKGNpiw8NWFaz5%2Bu0iJIqF8yVQyQ2VlQr8zw%3D
Nel: {"report_to":"heroku-nel","max_age":3600,"success_fraction":0.005,"failure_fraction":0.05,"response_headers":["Via"]}
X-Powered-By: Express
Access-Control-Allow-Origin: *
Etag: W/"1d-lGCrvD6B7Qzk11+2C98+nGhhuec"
Via: 1.1 vegur
CF-Cache-Status: DYNAMIC
Server: cloudflare
CF-RAY: 8baec17ecf1a1c30-FRA

{
    "token": "QpwL5tke4Pnpja7X4"
}
]]></system-out>
  <system-err><![CDATA[]]></system-err>
</testsuite>
