<?xml version="1.0" encoding="UTF-8"?>
<testsuite name="postMethodTests.LoginMethods.SuccessfulLoginTests" tests="1" skipped="0" failures="0" errors="0" timestamp="2024-09-08T17:18:42" hostname="DESKTOP-FL91MBP" time="0.368">
  <properties/>
  <testcase name="postTest_assertEqualsToken()" classname="postMethodTests.LoginMethods.SuccessfulLoginTests" time="0.368"/>
  <system-out><![CDATA[2024-09-08 20:18:43 INFO  SuccessfulLoginTests:36 - 
Status Code: 200.
Time for Response: 361 ms.

2024-09-08 20:18:43 INFO  SuccessfulLoginTests:39 - 
Field 'token', введенное при создании: QpwL5tke4Pnpja7X4, также 'token' отображаемое в созданном пользователе: QpwL5tke4Pnpja7X4.

]]></system-out>
  <system-err><![CDATA[]]></system-err>
</testsuite>
