<?xml version="1.0" encoding="UTF-8"?>
<testsuite name="getMethodTests.Users.GetUserTest" tests="4" skipped="0" failures="0" errors="0" timestamp="2024-09-08T17:18:39" hostname="DESKTOP-FL91MBP" time="1.233">
  <properties/>
  <testcase name="getListOfUser_assertNotNull()" classname="getMethodTests.Users.GetUserTest" time="0.341"/>
  <testcase name="getListOfUser_assertEmail()" classname="getMethodTests.Users.GetUserTest" time="0.19"/>
  <testcase name="getSingleUser_assertNotNull()" classname="getMethodTests.Users.GetUserTest" time="0.329"/>
  <testcase name="getNotFoundUser_assertNull()" classname="getMethodTests.Users.GetUserTest" time="0.372"/>
  <system-out><![CDATA[2024-09-08T17:18:39.696Z Test worker WARN The Logger getMethodTests.Users.GetUserTest was created with the message factory org.apache.logging.log4j.message.ReusableMessageFactory@7165d530 and is now requested with a null message factory (defaults to org.apache.logging.log4j.message.ParameterizedMessageFactory), which may create log events with unexpected formatting.
2024-09-08 20:18:40 INFO  GetUserTest:49 - 
Status Code: 200.
Time for Response: 322 ms.

2024-09-08 20:18:40 INFO  GetUserTest:52 - 
Object 'listOfUser' is not null.

2024-09-08T17:18:40.038Z Test worker WARN The Logger getMethodTests.Users.GetUserTest was created with the message factory org.apache.logging.log4j.message.ReusableMessageFactory@7165d530 and is now requested with a null message factory (defaults to org.apache.logging.log4j.message.ParameterizedMessageFactory), which may create log events with unexpected formatting.
2024-09-08 20:18:40 INFO  GetUserTest:63 - 
Status Code: 200.
Time for Response: 171 ms.

2024-09-08T17:18:40.229Z Test worker WARN The Logger getMethodTests.Users.GetUserTest was created with the message factory org.apache.logging.log4j.message.ReusableMessageFactory@7165d530 and is now requested with a null message factory (defaults to org.apache.logging.log4j.message.ParameterizedMessageFactory), which may create log events with unexpected formatting.
2024-09-08 20:18:40 INFO  GetUserTest:35 - 
Status Code: 200.
Time for Response: 316 ms.

2024-09-08 20:18:40 INFO  GetUserTest:38 - 
Object 'singleUser' is not null.

2024-09-08T17:18:40.557Z Test worker WARN The Logger getMethodTests.Users.GetUserTest was created with the message factory org.apache.logging.log4j.message.ReusableMessageFactory@7165d530 and is now requested with a null message factory (defaults to org.apache.logging.log4j.message.ParameterizedMessageFactory), which may create log events with unexpected formatting.
2024-09-08 20:18:40 INFO  GetUserTest:75 - 
Status Code: 404.
Time for Response: 360 ms.

2024-09-08 20:18:40 INFO  GetUserTest:78 - 
Object 'singleUser' is null.

]]></system-out>
  <system-err><![CDATA[]]></system-err>
</testsuite>
