<?xml version="1.0" encoding="UTF-8"?>
<testsuite name="updateMethods.putMethodTests.Update_PutTest" tests="4" skipped="0" failures="0" errors="0" timestamp="2024-08-29T18:55:38" hostname="DESKTOP-FL91MBP" time="1.978">
  <properties/>
  <testcase name="putTest_assertEqualsJob()" classname="updateMethods.putMethodTests.Update_PutTest" time="0.509"/>
  <testcase name="putTest_assertNotNull()" classname="updateMethods.putMethodTests.Update_PutTest" time="0.477"/>
  <testcase name="putTest_assertEqualsData()" classname="updateMethods.putMethodTests.Update_PutTest" time="0.489"/>
  <testcase name="putTest_assertEqualsName()" classname="updateMethods.putMethodTests.Update_PutTest" time="0.495"/>
  <system-out><![CDATA[HTTP/1.1 200 OK
Date: Thu, 29 Aug 2024 18:55:38 GMT
Content-Type: application/json; charset=utf-8
Transfer-Encoding: chunked
Connection: keep-alive
Report-To: {"group":"heroku-nel","max_age":3600,"endpoints":[{"url":"https://nel.heroku.com/reports?ts=1724957738&sid=c4c9725f-1ab0-44d8-820f-430df2718e11&s=lI2hspRUFsI%2F0Qn9nre%2F1AM%2FhZ39wsiIywqS0TRGduA%3D"}]}
Reporting-Endpoints: heroku-nel=https://nel.heroku.com/reports?ts=1724957738&sid=c4c9725f-1ab0-44d8-820f-430df2718e11&s=lI2hspRUFsI%2F0Qn9nre%2F1AM%2FhZ39wsiIywqS0TRGduA%3D
Nel: {"report_to":"heroku-nel","max_age":3600,"success_fraction":0.005,"failure_fraction":0.05,"response_headers":["Via"]}
X-Powered-By: Express
Access-Control-Allow-Origin: *
Etag: W/"50-f+jtmwDFMBPDVJ8sEKAU5SVBYCo"
Via: 1.1 vegur
CF-Cache-Status: DYNAMIC
Vary: Accept-Encoding
Server: cloudflare
CF-RAY: 8baec1a79bf99700-AMS
Content-Encoding: gzip

{
    "name": "morpheus",
    "job": "zion resident",
    "updatedAt": "2024-08-29T18:55:38.218Z"
}
HTTP/1.1 200 OK
Date: Thu, 29 Aug 2024 18:55:38 GMT
Content-Type: application/json; charset=utf-8
Transfer-Encoding: chunked
Connection: keep-alive
Report-To: {"group":"heroku-nel","max_age":3600,"endpoints":[{"url":"https://nel.heroku.com/reports?ts=1724957738&sid=c4c9725f-1ab0-44d8-820f-430df2718e11&s=lI2hspRUFsI%2F0Qn9nre%2F1AM%2FhZ39wsiIywqS0TRGduA%3D"}]}
Reporting-Endpoints: heroku-nel=https://nel.heroku.com/reports?ts=1724957738&sid=c4c9725f-1ab0-44d8-820f-430df2718e11&s=lI2hspRUFsI%2F0Qn9nre%2F1AM%2FhZ39wsiIywqS0TRGduA%3D
Nel: {"report_to":"heroku-nel","max_age":3600,"success_fraction":0.005,"failure_fraction":0.05,"response_headers":["Via"]}
X-Powered-By: Express
Access-Control-Allow-Origin: *
Etag: W/"50-FJIEcj+a3izcn8/h+bYQk0R24V8"
Via: 1.1 vegur
CF-Cache-Status: DYNAMIC
Vary: Accept-Encoding
Server: cloudflare
CF-RAY: 8baec1aa78361c36-FRA
Content-Encoding: gzip

{
    "name": "morpheus",
    "job": "zion resident",
    "updatedAt": "2024-08-29T18:55:38.698Z"
}
HTTP/1.1 200 OK
Date: Thu, 29 Aug 2024 18:55:39 GMT
Content-Type: application/json; charset=utf-8
Transfer-Encoding: chunked
Connection: keep-alive
Report-To: {"group":"heroku-nel","max_age":3600,"endpoints":[{"url":"https://nel.heroku.com/reports?ts=1724957739&sid=c4c9725f-1ab0-44d8-820f-430df2718e11&s=5ZWnPmreJZMZHQJ%2BAk2jGYApclHPpD9EpoxGB5CZk84%3D"}]}
Reporting-Endpoints: heroku-nel=https://nel.heroku.com/reports?ts=1724957739&sid=c4c9725f-1ab0-44d8-820f-430df2718e11&s=5ZWnPmreJZMZHQJ%2BAk2jGYApclHPpD9EpoxGB5CZk84%3D
Nel: {"report_to":"heroku-nel","max_age":3600,"success_fraction":0.005,"failure_fraction":0.05,"response_headers":["Via"]}
X-Powered-By: Express
Access-Control-Allow-Origin: *
Etag: W/"50-iP4C41wuxocWHczc6sKvY01HxWU"
Via: 1.1 vegur
CF-Cache-Status: DYNAMIC
Vary: Accept-Encoding
Server: cloudflare
CF-RAY: 8baec1ad9aa71c9d-FRA
Content-Encoding: gzip

{
    "name": "morpheus",
    "job": "zion resident",
    "updatedAt": "2024-08-29T18:55:39.190Z"
}
HTTP/1.1 200 OK
Date: Thu, 29 Aug 2024 18:55:39 GMT
Content-Type: application/json; charset=utf-8
Transfer-Encoding: chunked
Connection: keep-alive
Report-To: {"group":"heroku-nel","max_age":3600,"endpoints":[{"url":"https://nel.heroku.com/reports?ts=1724957739&sid=c4c9725f-1ab0-44d8-820f-430df2718e11&s=5ZWnPmreJZMZHQJ%2BAk2jGYApclHPpD9EpoxGB5CZk84%3D"}]}
Reporting-Endpoints: heroku-nel=https://nel.heroku.com/reports?ts=1724957739&sid=c4c9725f-1ab0-44d8-820f-430df2718e11&s=5ZWnPmreJZMZHQJ%2BAk2jGYApclHPpD9EpoxGB5CZk84%3D
Nel: {"report_to":"heroku-nel","max_age":3600,"success_fraction":0.005,"failure_fraction":0.05,"response_headers":["Via"]}
X-Powered-By: Express
Access-Control-Allow-Origin: *
Etag: W/"50-H7IU0KBpOsf2v9fi4Sl2d55KQVA"
Via: 1.1 vegur
CF-Cache-Status: DYNAMIC
Vary: Accept-Encoding
Server: cloudflare
CF-RAY: 8baec1b0ccbd1e81-AMS
Content-Encoding: gzip

{
    "name": "morpheus",
    "job": "zion resident",
    "updatedAt": "2024-08-29T18:55:39.686Z"
}
]]></system-out>
  <system-err><![CDATA[]]></system-err>
</testsuite>
