<?xml version="1.0" encoding="UTF-8"?>
<testsuite name="getMethodTests.Resources.GetResourceNotFoundTest" tests="1" skipped="0" failures="0" errors="0" timestamp="2024-08-29T18:55:26" hostname="DESKTOP-FL91MBP" time="0.519">
  <properties/>
  <testcase name="getResource_notFound()" classname="getMethodTests.Resources.GetResourceNotFoundTest" time="0.519"/>
  <system-out><![CDATA[HTTP/1.1 404 Not Found
Date: Thu, 29 Aug 2024 18:55:27 GMT
Content-Type: application/json; charset=utf-8
Content-Length: 2
Connection: keep-alive
Report-To: {"group":"heroku-nel","max_age":3600,"endpoints":[{"url":"https://nel.heroku.com/reports?ts=1724957727&sid=c4c9725f-1ab0-44d8-820f-430df2718e11&s=7ggvxAS3tZr8D4qhU7piIg%2FD983LlA0JE9hHAuuX8D0%3D"}]}
Reporting-Endpoints: heroku-nel=https://nel.heroku.com/reports?ts=1724957727&sid=c4c9725f-1ab0-44d8-820f-430df2718e11&s=7ggvxAS3tZr8D4qhU7piIg%2FD983LlA0JE9hHAuuX8D0%3D
Nel: {"report_to":"heroku-nel","max_age":3600,"success_fraction":0.005,"failure_fraction":0.05,"response_headers":["Via"]}
X-Powered-By: Express
Access-Control-Allow-Origin: *
Etag: W/"2-vyGp6PvFo4RvsFtPoIWeCReyIC8"
Via: 1.1 vegur
Cache-Control: max-age=14400
CF-Cache-Status: EXPIRED
Vary: Accept-Encoding
Server: cloudflare
CF-RAY: 8baec1624dba91de-FRA

{
    
}
]]></system-out>
  <system-err><![CDATA[]]></system-err>
</testsuite>
