<?xml version="1.0" encoding="UTF-8"?>
<testsuite name="getMethodTests.Resources.GetResourceTest" tests="3" skipped="0" failures="0" errors="0" timestamp="2024-09-05T08:06:12" hostname="DESKTOP-FL91MBP" time="1.505">
  <properties/>
  <testcase name="getListOfResource_assertNotNull()" classname="getMethodTests.Resources.GetResourceTest" time="1.011"/>
  <testcase name="getSingleResource_assertNotNull()" classname="getMethodTests.Resources.GetResourceTest" time="0.251"/>
  <testcase name="getNotFoundResource_assertNull()" classname="getMethodTests.Resources.GetResourceTest" time="0.243"/>
  <system-out><![CDATA[]]></system-out>
  <system-err><![CDATA[[Test worker] INFO utilCollection.WriteLogger - 
Название теста: ?[37mgetListOfResource?[0m.
Статус код: ?[37m200?[0m.
Время затраченное на получение ответа: ?[33m234?[0m ms.

[Test worker] INFO utilCollection.WriteLogger - 
Объект '?[37mlistOfResource?[0m' не равен null.

[Test worker] INFO utilCollection.WriteLogger - 
Название теста: ?[37mgetSingleResource?[0m.
Статус код: ?[37m200?[0m.
Время затраченное на получение ответа: ?[33m233?[0m ms.

[Test worker] INFO utilCollection.WriteLogger - 
Объект '?[37msingleResource?[0m' не равен null.

[Test worker] INFO utilCollection.WriteLogger - 
Название теста: ?[37mgetNotFoundResource?[0m.
Статус код: ?[37m404?[0m.
Время затраченное на получение ответа: ?[33m228?[0m ms.

[Test worker] INFO utilCollection.WriteLogger - 
Объект '?[37msingleResource?[0m' равен null.

]]></system-err>
</testsuite>
