<?xml version="1.0" encoding="UTF-8"?>
<testsuite name="deleteMethodTests.DeleteTest" tests="1" skipped="0" failures="0" errors="0" timestamp="2024-08-28T14:57:28" hostname="DESKTOP-FL91MBP" time="2.171">
  <properties/>
  <testcase name="delete_user_test()" classname="deleteMethodTests.DeleteTest" time="2.171"/>
  <system-out><![CDATA[HTTP/1.1 204 No Content
Date: Wed, 28 Aug 2024 14:57:30 GMT
Content-Length: 0
Connection: keep-alive
Report-To: {"group":"heroku-nel","max_age":3600,"endpoints":[{"url":"https://nel.heroku.com/reports?ts=1724857050&sid=c4c9725f-1ab0-44d8-820f-430df2718e11&s=LTsCbmLXanB59TWaldSXQVsXCIp4au6PPa5H8C92hDU%3D"}]}
Reporting-Endpoints: heroku-nel=https://nel.heroku.com/reports?ts=1724857050&sid=c4c9725f-1ab0-44d8-820f-430df2718e11&s=LTsCbmLXanB59TWaldSXQVsXCIp4au6PPa5H8C92hDU%3D
Nel: {"report_to":"heroku-nel","max_age":3600,"success_fraction":0.005,"failure_fraction":0.05,"response_headers":["Via"]}
X-Powered-By: Express
Access-Control-Allow-Origin: *
Etag: W/"2-vyGp6PvFo4RvsFtPoIWeCReyIC8"
Via: 1.1 vegur
CF-Cache-Status: DYNAMIC
Server: cloudflare
CF-RAY: 8ba527758f7dbbda-FRA

]]></system-out>
  <system-err><![CDATA[]]></system-err>
</testsuite>
