<?xml version="1.0" encoding="UTF-8"?>
<testsuite name="updateMethods.patchMethodTests.Update_PatchTest" tests="4" skipped="0" failures="0" errors="0" timestamp="2024-09-08T17:18:44" hostname="DESKTOP-FL91MBP" time="1.523">
  <properties/>
  <testcase name="patchTest_assertNotNull()" classname="updateMethods.patchMethodTests.Update_PatchTest" time="0.354"/>
  <testcase name="patchTest_assertEqualsJob()" classname="updateMethods.patchMethodTests.Update_PatchTest" time="0.452"/>
  <testcase name="patchTest_assertEqualsDate()" classname="updateMethods.patchMethodTests.Update_PatchTest" time="0.371"/>
  <testcase name="patchTest_assertEqualsName()" classname="updateMethods.patchMethodTests.Update_PatchTest" time="0.345"/>
  <system-out><![CDATA[2024-09-08 20:18:45 INFO  Update_PatchTest:34 - 
Status Code: 200.
Time for Response: 348 ms.

2024-09-08 20:18:45 INFO  Update_PatchTest:41 - 
Object 'UpdateRequestPojo' is not null.

2024-09-08T17:18:45.195Z Test worker WARN The Logger updateMethods.patchMethodTests.Update_PatchTest was created with the message factory org.apache.logging.log4j.message.ReusableMessageFactory@7165d530 and is now requested with a null message factory (defaults to org.apache.logging.log4j.message.ParameterizedMessageFactory), which may create log events with unexpected formatting.
2024-09-08 20:18:45 INFO  Update_PatchTest:34 - 
Status Code: 200.
Time for Response: 447 ms.

2024-09-08 20:18:45 INFO  Update_PatchTest:48 - 
Field 'Job', введенное при создании: zion resident, также 'Job' отображаемое в созданном пользователе: zion resident.

2024-09-08T17:18:45.648Z Test worker WARN The Logger updateMethods.patchMethodTests.Update_PatchTest was created with the message factory org.apache.logging.log4j.message.ReusableMessageFactory@7165d530 and is now requested with a null message factory (defaults to org.apache.logging.log4j.message.ParameterizedMessageFactory), which may create log events with unexpected formatting.
2024-09-08 20:18:46 INFO  Update_PatchTest:34 - 
Status Code: 200.
Time for Response: 365 ms.

2024-09-08 20:18:46 INFO  Update_PatchTest:62 - 
Сегодняшняя дата: 2024-09-08, дата обновления пользователя: 2024-09-08.

2024-09-08T17:18:46.018Z Test worker WARN The Logger updateMethods.patchMethodTests.Update_PatchTest was created with the message factory org.apache.logging.log4j.message.ReusableMessageFactory@7165d530 and is now requested with a null message factory (defaults to org.apache.logging.log4j.message.ParameterizedMessageFactory), which may create log events with unexpected formatting.
2024-09-08 20:18:46 INFO  Update_PatchTest:34 - 
Status Code: 200.
Time for Response: 339 ms.

2024-09-08 20:18:46 INFO  Update_PatchTest:55 - 
Field 'Name', введенное при создании: morpheus, также 'Name' отображаемое в созданном пользователе: morpheus.

]]></system-out>
  <system-err><![CDATA[]]></system-err>
</testsuite>
