<?xml version="1.0" encoding="UTF-8"?>
<testsuite name="postMethodTests.RegisterMethods.SuccessfulRegisterTest" tests="2" skipped="0" failures="0" errors="0" timestamp="2024-09-08T17:18:43" hostname="DESKTOP-FL91MBP" time="0.795">
  <properties/>
  <testcase name="postTest_assertEqualsToken()" classname="postMethodTests.RegisterMethods.SuccessfulRegisterTest" time="0.361"/>
  <testcase name="postTest_assertEqualsId()" classname="postMethodTests.RegisterMethods.SuccessfulRegisterTest" time="0.425"/>
  <system-out><![CDATA[2024-09-08 20:18:44 INFO  SuccessfulRegisterTest:47 - 
Status Code: 200.
Time for Response: 353 ms.

2024-09-08 20:18:44 INFO  SuccessfulRegisterTest:50 - 
Field 'token', введенное при создании: QpwL5tke4Pnpja7X4, также 'token' отображаемое в созданном пользователе: QpwL5tke4Pnpja7X4.

2024-09-08T17:18:44.075Z Test worker WARN The Logger postMethodTests.RegisterMethods.SuccessfulRegisterTest was created with the message factory org.apache.logging.log4j.message.ReusableMessageFactory@7165d530 and is now requested with a null message factory (defaults to org.apache.logging.log4j.message.ParameterizedMessageFactory), which may create log events with unexpected formatting.
2024-09-08 20:18:44 INFO  SuccessfulRegisterTest:36 - 
Status Code: 200.
Time for Response: 409 ms.

2024-09-08 20:18:44 INFO  SuccessfulRegisterTest:39 - 
Field 'id', введенное при создании: 4, также 'id' отображаемое в созданном пользователе: 4.

]]></system-out>
  <system-err><![CDATA[]]></system-err>
</testsuite>
