<?xml version="1.0" encoding="UTF-8"?>
<testsuite name="postMethodTests.CreateMethods.PostTest" tests="1" skipped="0" failures="0" errors="0" timestamp="2024-08-28T14:57:33" hostname="DESKTOP-FL91MBP" time="0.363">
  <properties/>
  <testcase name="CreateUser()" classname="postMethodTests.CreateMethods.PostTest" time="0.363"/>
  <system-out><![CDATA[HTTP/1.1 201 Created
Date: Wed, 28 Aug 2024 14:57:33 GMT
Content-Type: application/json; charset=utf-8
Content-Length: 84
Connection: keep-alive
Report-To: {"group":"heroku-nel","max_age":3600,"endpoints":[{"url":"https://nel.heroku.com/reports?ts=1724857053&sid=c4c9725f-1ab0-44d8-820f-430df2718e11&s=yaj6VCNnNOxEjJ8qDZkZp7L7e83HjTdIHaZH76%2BkO9I%3D"}]}
Reporting-Endpoints: heroku-nel=https://nel.heroku.com/reports?ts=1724857053&sid=c4c9725f-1ab0-44d8-820f-430df2718e11&s=yaj6VCNnNOxEjJ8qDZkZp7L7e83HjTdIHaZH76%2BkO9I%3D
Nel: {"report_to":"heroku-nel","max_age":3600,"success_fraction":0.005,"failure_fraction":0.05,"response_headers":["Via"]}
X-Powered-By: Express
Access-Control-Allow-Origin: *
Etag: W/"54-vY5Lko8Ber0JTRQYYsRxk82lz3U"
Via: 1.1 vegur
CF-Cache-Status: DYNAMIC
Server: cloudflare
CF-RAY: 8ba5278758458fee-FRA

{
    "name": "morpheus",
    "job": "leader",
    "id": "405",
    "createdAt": "2024-08-28T14:57:33.393Z"
}
]]></system-out>
  <system-err><![CDATA[]]></system-err>
</testsuite>
