<?xml version="1.0" encoding="UTF-8"?>
<testsuite name="postMethodTests.LoginMethods.SuccessfulLoginTests" tests="1" skipped="0" failures="0" errors="0" timestamp="2024-09-05T08:06:15" hostname="DESKTOP-FL91MBP" time="0.249">
  <properties/>
  <testcase name="postTest_assertEqualsToken()" classname="postMethodTests.LoginMethods.SuccessfulLoginTests" time="0.249"/>
  <system-out><![CDATA[]]></system-out>
  <system-err><![CDATA[[Test worker] INFO utilCollection.WriteLogger - 
Поле '?[37mtoken?[0m', введенное при создании: ?[33mQpwL5tke4Pnpja7X4?[0m, также '?[37mtoken?[0m' отображаемое в созданном пользователе: ?[33mQpwL5tke4Pnpja7X4?[0m.

[Test worker] INFO utilCollection.WriteLogger - 
Название теста: ?[37mpostTest_assertEqualsToken?[0m.
Статус код: ?[37m200?[0m.
Время затраченное на получение ответа: ?[33m243?[0m ms.

]]></system-err>
</testsuite>
