<?xml version="1.0" encoding="UTF-8"?>
<testsuite name="updateMethods.patchMethodTests.Update_PatchTest" tests="4" skipped="0" failures="0" errors="0" timestamp="2024-09-06T02:52:15" hostname="DESKTOP-FL91MBP" time="1.018">
  <properties/>
  <testcase name="patchTest_assertNotNull()" classname="updateMethods.patchMethodTests.Update_PatchTest" time="0.282"/>
  <testcase name="patchTest_assertEqualsJob()" classname="updateMethods.patchMethodTests.Update_PatchTest" time="0.23"/>
  <testcase name="patchTest_assertEqualsDate()" classname="updateMethods.patchMethodTests.Update_PatchTest" time="0.259"/>
  <testcase name="patchTest_assertEqualsName()" classname="updateMethods.patchMethodTests.Update_PatchTest" time="0.245"/>
  <system-out><![CDATA[
Название теста: ?[37mputTest?[0m.
Статус код: ?[37m200?[0m.
Время затраченное на получение ответа: ?[33m274?[0m ms.


Объект '?[37mUpdateRequestPojo?[0m' не равен null.


Название теста: ?[37mputTest?[0m.
Статус код: ?[37m200?[0m.
Время затраченное на получение ответа: ?[33m225?[0m ms.


Поле '?[37mJob?[0m', введенное при создании: ?[33mzion resident?[0m, также '?[37mJob?[0m' отображаемое в созданном пользователе: ?[33mzion resident?[0m.


Название теста: ?[37mputTest?[0m.
Статус код: ?[37m200?[0m.
Время затраченное на получение ответа: ?[33m255?[0m ms.


Сегодняшняя дата: ?[33m2024-09-06?[0m, ?[37mдата обновления пользователя?[0m: ?[33m2024-09-06?[0m.


Название теста: ?[37mputTest?[0m.
Статус код: ?[37m200?[0m.
Время затраченное на получение ответа: ?[33m238?[0m ms.


Поле '?[37mName?[0m', введенное при создании: ?[33mzion resident?[0m, также '?[37mName?[0m' отображаемое в созданном пользователе: ?[33mzion resident?[0m.

]]></system-out>
  <system-err><![CDATA[]]></system-err>
</testsuite>
