<?xml version="1.0" encoding="UTF-8"?>
<testsuite name="postMethodTests.LoginMethods.UnsuccessfulLoginTest" tests="2" skipped="0" failures="0" errors="0" timestamp="2024-08-29T18:55:32" hostname="DESKTOP-FL91MBP" time="0.984">
  <properties/>
  <testcase name="postTest_assertNotNull()" classname="postMethodTests.LoginMethods.UnsuccessfulLoginTest" time="0.497"/>
  <testcase name="postTest_assertEquals()" classname="postMethodTests.LoginMethods.UnsuccessfulLoginTest" time="0.485"/>
  <system-out><![CDATA[HTTP/1.1 400 Bad Request
Date: Thu, 29 Aug 2024 18:55:32 GMT
Content-Type: application/json; charset=utf-8
Content-Length: 28
Connection: keep-alive
Report-To: {"group":"heroku-nel","max_age":3600,"endpoints":[{"url":"https://nel.heroku.com/reports?ts=1724957732&sid=c4c9725f-1ab0-44d8-820f-430df2718e11&s=AM5ijGfsdNk2%2FPsWgi%2BoI0OCOc56R9CUFLz709YbWz0%3D"}]}
Reporting-Endpoints: heroku-nel=https://nel.heroku.com/reports?ts=1724957732&sid=c4c9725f-1ab0-44d8-820f-430df2718e11&s=AM5ijGfsdNk2%2FPsWgi%2BoI0OCOc56R9CUFLz709YbWz0%3D
Nel: {"report_to":"heroku-nel","max_age":3600,"success_fraction":0.005,"failure_fraction":0.05,"response_headers":["Via"]}
X-Powered-By: Express
Access-Control-Allow-Origin: *
Etag: W/"1c-NmpazMScs9tOqR7eDEesn+pqC9Q"
Via: 1.1 vegur
CF-Cache-Status: DYNAMIC
Server: cloudflare
CF-RAY: 8baec181e83930f0-FRA

{
    "error": "Missing password"
}
HTTP/1.1 400 Bad Request
Date: Thu, 29 Aug 2024 18:55:32 GMT
Content-Type: application/json; charset=utf-8
Content-Length: 28
Connection: keep-alive
Report-To: {"group":"heroku-nel","max_age":3600,"endpoints":[{"url":"https://nel.heroku.com/reports?ts=1724957732&sid=c4c9725f-1ab0-44d8-820f-430df2718e11&s=AM5ijGfsdNk2%2FPsWgi%2BoI0OCOc56R9CUFLz709YbWz0%3D"}]}
Reporting-Endpoints: heroku-nel=https://nel.heroku.com/reports?ts=1724957732&sid=c4c9725f-1ab0-44d8-820f-430df2718e11&s=AM5ijGfsdNk2%2FPsWgi%2BoI0OCOc56R9CUFLz709YbWz0%3D
Nel: {"report_to":"heroku-nel","max_age":3600,"success_fraction":0.005,"failure_fraction":0.05,"response_headers":["Via"]}
X-Powered-By: Express
Access-Control-Allow-Origin: *
Etag: W/"1c-NmpazMScs9tOqR7eDEesn+pqC9Q"
Via: 1.1 vegur
CF-Cache-Status: DYNAMIC
Server: cloudflare
CF-RAY: 8baec184fbe11cc1-FRA

{
    "error": "Missing password"
}
]]></system-out>
  <system-err><![CDATA[]]></system-err>
</testsuite>
