<?xml version="1.0" encoding="UTF-8"?>
<testsuite name="getMethodTests.Resources.GetResourceTest" tests="3" skipped="0" failures="0" errors="0" timestamp="2024-09-08T17:18:37" hostname="DESKTOP-FL91MBP" time="2.026">
  <properties/>
  <testcase name="getListOfResource_assertNotNull()" classname="getMethodTests.Resources.GetResourceTest" time="0.957"/>
  <testcase name="getSingleResource_assertNotNull()" classname="getMethodTests.Resources.GetResourceTest" time="0.622"/>
  <testcase name="getNotFoundResource_assertNull()" classname="getMethodTests.Resources.GetResourceTest" time="0.445"/>
  <system-out><![CDATA[2024-09-08 20:18:38 INFO  GetUserTest:50 - 
Status Code: 200.
Time for Response: 348 ms.

2024-09-08 20:18:38 INFO  GetUserTest:53 - 
Object 'listOfResource' is not null.

2024-09-08T17:18:38.638Z Test worker WARN The Logger getMethodTests.Users.GetUserTest was created with the message factory org.apache.logging.log4j.message.ReusableMessageFactory@7165d530 and is now requested with a null message factory (defaults to org.apache.logging.log4j.message.ParameterizedMessageFactory), which may create log events with unexpected formatting.
2024-09-08 20:18:39 INFO  GetUserTest:36 - 
Status Code: 200.
Time for Response: 597 ms.

2024-09-08 20:18:39 INFO  GetUserTest:39 - 
Object 'singleResource' is not null.

2024-09-08T17:18:39.250Z Test worker WARN The Logger getMethodTests.Users.GetUserTest was created with the message factory org.apache.logging.log4j.message.ReusableMessageFactory@7165d530 and is now requested with a null message factory (defaults to org.apache.logging.log4j.message.ParameterizedMessageFactory), which may create log events with unexpected formatting.
2024-09-08 20:18:39 INFO  GetUserTest:64 - 
Status Code: 404.
Time for Response: 433 ms.

2024-09-08 20:18:39 INFO  GetUserTest:67 - 
Object 'singleResource' is null.

]]></system-out>
  <system-err><![CDATA[]]></system-err>
</testsuite>
