<?xml version="1.0" encoding="UTF-8"?>
<testsuite name="getMethodTests.Users.GetSingleUserTest" tests="1" skipped="0" failures="0" errors="0" timestamp="2024-08-29T18:55:27" hostname="DESKTOP-FL91MBP" time="0.46">
  <properties/>
  <testcase name="getSingleUser_assertNotNull()" classname="getMethodTests.Users.GetSingleUserTest" time="0.46"/>
  <system-out><![CDATA[HTTP/1.1 200 OK
Date: Thu, 29 Aug 2024 18:55:27 GMT
Content-Type: application/json; charset=utf-8
Transfer-Encoding: chunked
Connection: keep-alive
Report-To: {"group":"heroku-nel","max_age":3600,"endpoints":[{"url":"https://nel.heroku.com/reports?ts=1724836064&sid=c4c9725f-1ab0-44d8-820f-430df2718e11&s=6G9s3jDdTSsFQCsrA8kfgluyqJGq4nduvkMPF5qbaac%3D"}]}
Reporting-Endpoints: heroku-nel=https://nel.heroku.com/reports?ts=1724836064&sid=c4c9725f-1ab0-44d8-820f-430df2718e11&s=6G9s3jDdTSsFQCsrA8kfgluyqJGq4nduvkMPF5qbaac%3D
Nel: {"report_to":"heroku-nel","max_age":3600,"success_fraction":0.005,"failure_fraction":0.05,"response_headers":["Via"]}
X-Powered-By: Express
Access-Control-Allow-Origin: *
Etag: W/"118-pbdwwFo9SKNhD3Lx5iHJyngpq00"
Via: 1.1 vegur
Cache-Control: max-age=14400
CF-Cache-Status: HIT
Age: 1741
Vary: Accept-Encoding
Server: cloudflare
CF-RAY: 8baec1658c121cbd-FRA
Content-Encoding: gzip

{
    "data": {
        "id": 2,
        "email": "janet.weaver@reqres.in",
        "first_name": "Janet",
        "last_name": "Weaver",
        "avatar": "https://reqres.in/img/faces/2-image.jpg"
    },
    "support": {
        "url": "https://reqres.in/#support-heading",
        "text": "To keep ReqRes free, contributions towards server costs are appreciated!"
    }
}
]]></system-out>
  <system-err><![CDATA[]]></system-err>
</testsuite>
