<?xml version="1.0" encoding="UTF-8"?>
<testsuite name="postMethodTests.RegisterMethods.UnsuccessfulRegisterTests" tests="2" skipped="0" failures="0" errors="0" timestamp="2024-08-29T18:55:35" hostname="DESKTOP-FL91MBP" time="1.021">
  <properties/>
  <testcase name="postTest_assertNotNull()" classname="postMethodTests.RegisterMethods.UnsuccessfulRegisterTests" time="0.502"/>
  <testcase name="postTest_assertEquals()" classname="postMethodTests.RegisterMethods.UnsuccessfulRegisterTests" time="0.517"/>
  <system-out><![CDATA[HTTP/1.1 400 Bad Request
Date: Thu, 29 Aug 2024 18:55:35 GMT
Content-Type: application/json; charset=utf-8
Content-Length: 28
Connection: keep-alive
Report-To: {"group":"heroku-nel","max_age":3600,"endpoints":[{"url":"https://nel.heroku.com/reports?ts=1724957735&sid=c4c9725f-1ab0-44d8-820f-430df2718e11&s=zzKN7RJEQcFfVyADcXDqha%2FjFcaM1eh%2BF%2BWxI9BO5NA%3D"}]}
Reporting-Endpoints: heroku-nel=https://nel.heroku.com/reports?ts=1724957735&sid=c4c9725f-1ab0-44d8-820f-430df2718e11&s=zzKN7RJEQcFfVyADcXDqha%2FjFcaM1eh%2BF%2BWxI9BO5NA%3D
Nel: {"report_to":"heroku-nel","max_age":3600,"success_fraction":0.005,"failure_fraction":0.05,"response_headers":["Via"]}
X-Powered-By: Express
Access-Control-Allow-Origin: *
Etag: W/"1c-NmpazMScs9tOqR7eDEesn+pqC9Q"
Via: 1.1 vegur
CF-Cache-Status: DYNAMIC
Server: cloudflare
CF-RAY: 8baec1949bf679cb-AMS

{
    "error": "Missing password"
}
HTTP/1.1 400 Bad Request
Date: Thu, 29 Aug 2024 18:55:35 GMT
Content-Type: application/json; charset=utf-8
Content-Length: 28
Connection: keep-alive
Report-To: {"group":"heroku-nel","max_age":3600,"endpoints":[{"url":"https://nel.heroku.com/reports?ts=1724957735&sid=c4c9725f-1ab0-44d8-820f-430df2718e11&s=zzKN7RJEQcFfVyADcXDqha%2FjFcaM1eh%2BF%2BWxI9BO5NA%3D"}]}
Reporting-Endpoints: heroku-nel=https://nel.heroku.com/reports?ts=1724957735&sid=c4c9725f-1ab0-44d8-820f-430df2718e11&s=zzKN7RJEQcFfVyADcXDqha%2FjFcaM1eh%2BF%2BWxI9BO5NA%3D
Nel: {"report_to":"heroku-nel","max_age":3600,"success_fraction":0.005,"failure_fraction":0.05,"response_headers":["Via"]}
X-Powered-By: Express
Access-Control-Allow-Origin: *
Etag: W/"1c-NmpazMScs9tOqR7eDEesn+pqC9Q"
Via: 1.1 vegur
CF-Cache-Status: DYNAMIC
Server: cloudflare
CF-RAY: 8baec197ad33727f-HAM

{
    "error": "Missing password"
}
]]></system-out>
  <system-err><![CDATA[]]></system-err>
</testsuite>
