<?xml version="1.0" encoding="UTF-8"?>
<testsuite name="postMethodTests.RegisterMethods.SuccessfulRegister" tests="4" skipped="0" failures="0" errors="0" timestamp="2024-08-29T18:55:33" hostname="DESKTOP-FL91MBP" time="1.986">
  <properties/>
  <testcase name="postTest_assertEqualsToken()" classname="postMethodTests.RegisterMethods.SuccessfulRegister" time="0.516"/>
  <testcase name="postTest_assertNotNullId()" classname="postMethodTests.RegisterMethods.SuccessfulRegister" time="0.471"/>
  <testcase name="postTest_assertNotNullToken()" classname="postMethodTests.RegisterMethods.SuccessfulRegister" time="0.511"/>
  <testcase name="postTest_assertEqualsId()" classname="postMethodTests.RegisterMethods.SuccessfulRegister" time="0.479"/>
  <system-out><![CDATA[HTTP/1.1 200 OK
Date: Thu, 29 Aug 2024 18:55:33 GMT
Content-Type: application/json; charset=utf-8
Content-Length: 36
Connection: keep-alive
Report-To: {"group":"heroku-nel","max_age":3600,"endpoints":[{"url":"https://nel.heroku.com/reports?ts=1724957733&sid=c4c9725f-1ab0-44d8-820f-430df2718e11&s=bzkfj9Km17FtCdCTFUNItTiB8omxIzDoQH%2BgJvDVqsU%3D"}]}
Reporting-Endpoints: heroku-nel=https://nel.heroku.com/reports?ts=1724957733&sid=c4c9725f-1ab0-44d8-820f-430df2718e11&s=bzkfj9Km17FtCdCTFUNItTiB8omxIzDoQH%2BgJvDVqsU%3D
Nel: {"report_to":"heroku-nel","max_age":3600,"success_fraction":0.005,"failure_fraction":0.05,"response_headers":["Via"]}
X-Powered-By: Express
Access-Control-Allow-Origin: *
Etag: W/"24-4iP0za1geN2he+ohu8F0FhCjLks"
Via: 1.1 vegur
CF-Cache-Status: DYNAMIC
Server: cloudflare
CF-RAY: 8baec1884c9e1ed6-AMS

{
    "id": 4,
    "token": "QpwL5tke4Pnpja7X4"
}
HTTP/1.1 200 OK
Date: Thu, 29 Aug 2024 18:55:33 GMT
Content-Type: application/json; charset=utf-8
Content-Length: 36
Connection: keep-alive
Report-To: {"group":"heroku-nel","max_age":3600,"endpoints":[{"url":"https://nel.heroku.com/reports?ts=1724957733&sid=c4c9725f-1ab0-44d8-820f-430df2718e11&s=bzkfj9Km17FtCdCTFUNItTiB8omxIzDoQH%2BgJvDVqsU%3D"}]}
Reporting-Endpoints: heroku-nel=https://nel.heroku.com/reports?ts=1724957733&sid=c4c9725f-1ab0-44d8-820f-430df2718e11&s=bzkfj9Km17FtCdCTFUNItTiB8omxIzDoQH%2BgJvDVqsU%3D
Nel: {"report_to":"heroku-nel","max_age":3600,"success_fraction":0.005,"failure_fraction":0.05,"response_headers":["Via"]}
X-Powered-By: Express
Access-Control-Allow-Origin: *
Etag: W/"24-4iP0za1geN2he+ohu8F0FhCjLks"
Via: 1.1 vegur
CF-Cache-Status: DYNAMIC
Server: cloudflare
CF-RAY: 8baec18b2dcc71d1-FRA

{
    "id": 4,
    "token": "QpwL5tke4Pnpja7X4"
}
HTTP/1.1 200 OK
Date: Thu, 29 Aug 2024 18:55:34 GMT
Content-Type: application/json; charset=utf-8
Content-Length: 36
Connection: keep-alive
Report-To: {"group":"heroku-nel","max_age":3600,"endpoints":[{"url":"https://nel.heroku.com/reports?ts=1724957734&sid=c4c9725f-1ab0-44d8-820f-430df2718e11&s=aSuZeRphiYZn7tql%2FxwPMGNJq4qnZGKWEimk56jggF8%3D"}]}
Reporting-Endpoints: heroku-nel=https://nel.heroku.com/reports?ts=1724957734&sid=c4c9725f-1ab0-44d8-820f-430df2718e11&s=aSuZeRphiYZn7tql%2FxwPMGNJq4qnZGKWEimk56jggF8%3D
Nel: {"report_to":"heroku-nel","max_age":3600,"success_fraction":0.005,"failure_fraction":0.05,"response_headers":["Via"]}
X-Powered-By: Express
Access-Control-Allow-Origin: *
Etag: W/"24-4iP0za1geN2he+ohu8F0FhCjLks"
Via: 1.1 vegur
CF-Cache-Status: DYNAMIC
Server: cloudflare
CF-RAY: 8baec18e5fae62fe-HAM

{
    "id": 4,
    "token": "QpwL5tke4Pnpja7X4"
}
HTTP/1.1 200 OK
Date: Thu, 29 Aug 2024 18:55:34 GMT
Content-Type: application/json; charset=utf-8
Content-Length: 36
Connection: keep-alive
Report-To: {"group":"heroku-nel","max_age":3600,"endpoints":[{"url":"https://nel.heroku.com/reports?ts=1724957734&sid=c4c9725f-1ab0-44d8-820f-430df2718e11&s=aSuZeRphiYZn7tql%2FxwPMGNJq4qnZGKWEimk56jggF8%3D"}]}
Reporting-Endpoints: heroku-nel=https://nel.heroku.com/reports?ts=1724957734&sid=c4c9725f-1ab0-44d8-820f-430df2718e11&s=aSuZeRphiYZn7tql%2FxwPMGNJq4qnZGKWEimk56jggF8%3D
Nel: {"report_to":"heroku-nel","max_age":3600,"success_fraction":0.005,"failure_fraction":0.05,"response_headers":["Via"]}
X-Powered-By: Express
Access-Control-Allow-Origin: *
Etag: W/"24-4iP0za1geN2he+ohu8F0FhCjLks"
Via: 1.1 vegur
CF-Cache-Status: DYNAMIC
Server: cloudflare
CF-RAY: 8baec1917d55bb5f-FRA

{
    "id": 4,
    "token": "QpwL5tke4Pnpja7X4"
}
]]></system-out>
  <system-err><![CDATA[]]></system-err>
</testsuite>
