<?xml version="1.0" encoding="UTF-8"?>
<testsuite name="delayedMethodTests.DelayedTest" tests="1" skipped="0" failures="0" errors="0" timestamp="2024-09-08T17:18:32" hostname="DESKTOP-FL91MBP" time="4.804">
  <properties/>
  <testcase name="delayedTest()" classname="delayedMethodTests.DelayedTest" time="4.804"/>
  <system-out><![CDATA[2024-09-08 20:18:37 INFO  DelayedTest:25 - 
Status Code: 200.
Time for Response: 3884 ms.

]]></system-out>
  <system-err><![CDATA[]]></system-err>
</testsuite>
