<?xml version="1.0" encoding="UTF-8"?>
<testsuite name="delayedMethodTests.DelayedTest" tests="1" skipped="0" failures="0" errors="0" timestamp="2024-09-06T02:52:05" hostname="DESKTOP-FL91MBP" time="4.311">
  <properties/>
  <testcase name="delayedTest()" classname="delayedMethodTests.DelayedTest" time="4.311"/>
  <system-out><![CDATA[
Название теста: ?[37mdelayedTest?[0m.
Статус код: ?[37m200?[0m.
Время затраченное на получение ответа: ?[33m3719?[0m ms.

]]></system-out>
  <system-err><![CDATA[]]></system-err>
</testsuite>
