<?xml version="1.0" encoding="UTF-8"?>
<testsuite name="getMethodTests.Users.GetUserTest" tests="4" skipped="0" failures="0" errors="0" timestamp="2024-09-05T08:06:14" hostname="DESKTOP-FL91MBP" time="0.845">
  <properties/>
  <testcase name="getListOfUser_assertNotNull()" classname="getMethodTests.Users.GetUserTest" time="0.2"/>
  <testcase name="getListOfUser_assertEmail()" classname="getMethodTests.Users.GetUserTest" time="0.196"/>
  <testcase name="getSingleUser_assertNotNull()" classname="getMethodTests.Users.GetUserTest" time="0.2"/>
  <testcase name="getNotFoundUser_assertNull()" classname="getMethodTests.Users.GetUserTest" time="0.246"/>
  <system-out><![CDATA[]]></system-out>
  <system-err><![CDATA[[Test worker] INFO utilCollection.WriteLogger - 
Название теста: ?[37mgetListOfUsers?[0m.
Статус код: ?[37m200?[0m.
Время затраченное на получение ответа: ?[33m182?[0m ms.

[Test worker] INFO utilCollection.WriteLogger - 
Объект '?[37mlistOfUser?[0m' не равен null.

[Test worker] INFO utilCollection.WriteLogger - 
Название теста: ?[37mgetListOfUsers?[0m.
Статус код: ?[37m200?[0m.
Время затраченное на получение ответа: ?[33m175?[0m ms.

[Test worker] INFO utilCollection.WriteLogger - 
Название теста: ?[37mgetSingleUser?[0m.
Статус код: ?[37m200?[0m.
Время затраченное на получение ответа: ?[33m182?[0m ms.

[Test worker] INFO utilCollection.WriteLogger - 
Объект '?[37msingleUser?[0m' не равен null.

[Test worker] INFO utilCollection.WriteLogger - 
Название теста: ?[37mgetNotFoundUser?[0m.
Статус код: ?[37m404?[0m.
Время затраченное на получение ответа: ?[33m233?[0m ms.

[Test worker] INFO utilCollection.WriteLogger - 
Объект '?[37msingleUser?[0m' равен null.

]]></system-err>
</testsuite>
