<?xml version="1.0" encoding="UTF-8"?>
<testsuite name="updateMethods.patchMethodTests.Update_PatchTest" tests="4" skipped="0" failures="0" errors="0" timestamp="2024-09-05T08:06:17" hostname="DESKTOP-FL91MBP" time="0.897">
  <properties/>
  <testcase name="patchTest_assertNotNull()" classname="updateMethods.patchMethodTests.Update_PatchTest" time="0.231"/>
  <testcase name="patchTest_assertEqualsJob()" classname="updateMethods.patchMethodTests.Update_PatchTest" time="0.217"/>
  <testcase name="patchTest_assertEqualsDate()" classname="updateMethods.patchMethodTests.Update_PatchTest" time="0.227"/>
  <testcase name="patchTest_assertEqualsName()" classname="updateMethods.patchMethodTests.Update_PatchTest" time="0.22"/>
  <system-out><![CDATA[]]></system-out>
  <system-err><![CDATA[[Test worker] INFO utilCollection.WriteLogger - 
Название теста: ?[37mputTest?[0m.
Статус код: ?[37m200?[0m.
Время затраченное на получение ответа: ?[33m224?[0m ms.

[Test worker] INFO utilCollection.WriteLogger - 
Объект '?[37mUpdateRequestPojo?[0m' не равен null.

[Test worker] INFO utilCollection.WriteLogger - 
Название теста: ?[37mputTest?[0m.
Статус код: ?[37m200?[0m.
Время затраченное на получение ответа: ?[33m212?[0m ms.

[Test worker] INFO utilCollection.WriteLogger - 
Поле '?[37mJob?[0m', введенное при создании: ?[33mzion resident?[0m, также '?[37mJob?[0m' отображаемое в созданном пользователе: ?[33mzion resident?[0m.

[Test worker] INFO utilCollection.WriteLogger - 
Название теста: ?[37mputTest?[0m.
Статус код: ?[37m200?[0m.
Время затраченное на получение ответа: ?[33m221?[0m ms.

[Test worker] INFO utilCollection.WriteLogger - 
Сегодняшняя дата: ?[33m2024-09-05?[0m, ?[37mдата обновления пользователя?[0m: ?[33m2024-09-05?[0m.

[Test worker] INFO utilCollection.WriteLogger - 
Название теста: ?[37mputTest?[0m.
Статус код: ?[37m200?[0m.
Время затраченное на получение ответа: ?[33m214?[0m ms.

[Test worker] INFO utilCollection.WriteLogger - 
Поле '?[37mName?[0m', введенное при создании: ?[33mzion resident?[0m, также '?[37mName?[0m' отображаемое в созданном пользователе: ?[33mzion resident?[0m.

]]></system-err>
</testsuite>
