<?xml version="1.0" encoding="UTF-8"?>
<testsuite name="getMethodTests.Users.GetUserNotFoundTest" tests="1" skipped="0" failures="0" errors="0" timestamp="2024-08-29T18:55:28" hostname="DESKTOP-FL91MBP" time="0.475">
  <properties/>
  <testcase name="getSingleUserNotFound_assertNull()" classname="getMethodTests.Users.GetUserNotFoundTest" time="0.475"/>
  <system-out><![CDATA[HTTP/1.1 404 Not Found
Date: Thu, 29 Aug 2024 18:55:28 GMT
Content-Type: application/json; charset=utf-8
Content-Length: 2
Connection: keep-alive
Report-To: {"group":"heroku-nel","max_age":3600,"endpoints":[{"url":"https://nel.heroku.com/reports?ts=1724957728&sid=c4c9725f-1ab0-44d8-820f-430df2718e11&s=dDXLYYO5wiAUbjW59e6y1fnBxCRe6ZQkUhx%2BTTTpd2s%3D"}]}
Reporting-Endpoints: heroku-nel=https://nel.heroku.com/reports?ts=1724957728&sid=c4c9725f-1ab0-44d8-820f-430df2718e11&s=dDXLYYO5wiAUbjW59e6y1fnBxCRe6ZQkUhx%2BTTTpd2s%3D
Nel: {"report_to":"heroku-nel","max_age":3600,"success_fraction":0.005,"failure_fraction":0.05,"response_headers":["Via"]}
X-Powered-By: Express
Access-Control-Allow-Origin: *
Etag: W/"2-vyGp6PvFo4RvsFtPoIWeCReyIC8"
Via: 1.1 vegur
Cache-Control: max-age=14400
CF-Cache-Status: EXPIRED
Vary: Accept-Encoding
Server: cloudflare
CF-RAY: 8baec16b49859f16-FRA

{
    
}
]]></system-out>
  <system-err><![CDATA[]]></system-err>
</testsuite>
