<?xml version="1.0" encoding="UTF-8"?>
<testsuite name="postMethodTests.CreateMethods.PostTest" tests="4" skipped="0" failures="0" errors="0" timestamp="2024-08-29T18:55:28" hostname="DESKTOP-FL91MBP" time="2.092">
  <properties/>
  <testcase name="postTest_assertEqualsJob()" classname="postMethodTests.CreateMethods.PostTest" time="0.574"/>
  <testcase name="postTest_assertEqualsDate()" classname="postMethodTests.CreateMethods.PostTest" time="0.508"/>
  <testcase name="postTest_assertEqualsName()" classname="postMethodTests.CreateMethods.PostTest" time="0.511"/>
  <testcase name="postTest_assertNotNullUser()" classname="postMethodTests.CreateMethods.PostTest" time="0.489"/>
  <system-out><![CDATA[HTTP/1.1 201 Created
Date: Thu, 29 Aug 2024 18:55:29 GMT
Content-Type: application/json; charset=utf-8
Content-Length: 84
Connection: keep-alive
Report-To: {"group":"heroku-nel","max_age":3600,"endpoints":[{"url":"https://nel.heroku.com/reports?ts=1724957729&sid=c4c9725f-1ab0-44d8-820f-430df2718e11&s=2kM4a3MirG9I5o4WEQA1sG91u1HtAe9%2BiEsDa9d1X3s%3D"}]}
Reporting-Endpoints: heroku-nel=https://nel.heroku.com/reports?ts=1724957729&sid=c4c9725f-1ab0-44d8-820f-430df2718e11&s=2kM4a3MirG9I5o4WEQA1sG91u1HtAe9%2BiEsDa9d1X3s%3D
Nel: {"report_to":"heroku-nel","max_age":3600,"success_fraction":0.005,"failure_fraction":0.05,"response_headers":["Via"]}
X-Powered-By: Express
Access-Control-Allow-Origin: *
Etag: W/"54-lNiJvSuya5NjwXNzGK/VD78+d14"
Via: 1.1 vegur
CF-Cache-Status: DYNAMIC
Server: cloudflare
CF-RAY: 8baec16edeac71d6-FRA

{
    "name": "morpheus",
    "job": "leader",
    "id": "666",
    "createdAt": "2024-08-29T18:55:29.144Z"
}
HTTP/1.1 201 Created
Date: Thu, 29 Aug 2024 18:55:29 GMT
Content-Type: application/json; charset=utf-8
Content-Length: 84
Connection: keep-alive
Report-To: {"group":"heroku-nel","max_age":3600,"endpoints":[{"url":"https://nel.heroku.com/reports?ts=1724957729&sid=c4c9725f-1ab0-44d8-820f-430df2718e11&s=2kM4a3MirG9I5o4WEQA1sG91u1HtAe9%2BiEsDa9d1X3s%3D"}]}
Reporting-Endpoints: heroku-nel=https://nel.heroku.com/reports?ts=1724957729&sid=c4c9725f-1ab0-44d8-820f-430df2718e11&s=2kM4a3MirG9I5o4WEQA1sG91u1HtAe9%2BiEsDa9d1X3s%3D
Nel: {"report_to":"heroku-nel","max_age":3600,"success_fraction":0.005,"failure_fraction":0.05,"response_headers":["Via"]}
X-Powered-By: Express
Access-Control-Allow-Origin: *
Etag: W/"54-ztSWD2lxPl8/jO7MxewK3Nx2iVA"
Via: 1.1 vegur
CF-Cache-Status: DYNAMIC
Server: cloudflare
CF-RAY: 8baec17218491ec2-AMS

{
    "name": "morpheus",
    "job": "leader",
    "id": "782",
    "createdAt": "2024-08-29T18:55:29.668Z"
}
HTTP/1.1 201 Created
Date: Thu, 29 Aug 2024 18:55:30 GMT
Content-Type: application/json; charset=utf-8
Content-Length: 84
Connection: keep-alive
Report-To: {"group":"heroku-nel","max_age":3600,"endpoints":[{"url":"https://nel.heroku.com/reports?ts=1724957730&sid=c4c9725f-1ab0-44d8-820f-430df2718e11&s=h7ttoFsCd6LjjwMb6qtzNbLSH5LOjuIS7NvamSPRJgk%3D"}]}
Reporting-Endpoints: heroku-nel=https://nel.heroku.com/reports?ts=1724957730&sid=c4c9725f-1ab0-44d8-820f-430df2718e11&s=h7ttoFsCd6LjjwMb6qtzNbLSH5LOjuIS7NvamSPRJgk%3D
Nel: {"report_to":"heroku-nel","max_age":3600,"success_fraction":0.005,"failure_fraction":0.05,"response_headers":["Via"]}
X-Powered-By: Express
Access-Control-Allow-Origin: *
Etag: W/"54-pEYE2KvIR7TLDt3WvKWdzgKjO5A"
Via: 1.1 vegur
CF-Cache-Status: DYNAMIC
Server: cloudflare
CF-RAY: 8baec17539894169-HAM

{
    "name": "morpheus",
    "job": "leader",
    "id": "853",
    "createdAt": "2024-08-29T18:55:30.175Z"
}
HTTP/1.1 201 Created
Date: Thu, 29 Aug 2024 18:55:30 GMT
Content-Type: application/json; charset=utf-8
Content-Length: 84
Connection: keep-alive
Report-To: {"group":"heroku-nel","max_age":3600,"endpoints":[{"url":"https://nel.heroku.com/reports?ts=1724957730&sid=c4c9725f-1ab0-44d8-820f-430df2718e11&s=h7ttoFsCd6LjjwMb6qtzNbLSH5LOjuIS7NvamSPRJgk%3D"}]}
Reporting-Endpoints: heroku-nel=https://nel.heroku.com/reports?ts=1724957730&sid=c4c9725f-1ab0-44d8-820f-430df2718e11&s=h7ttoFsCd6LjjwMb6qtzNbLSH5LOjuIS7NvamSPRJgk%3D
Nel: {"report_to":"heroku-nel","max_age":3600,"success_fraction":0.005,"failure_fraction":0.05,"response_headers":["Via"]}
X-Powered-By: Express
Access-Control-Allow-Origin: *
Etag: W/"54-qBhSHqml8IhwwvYp6DfshMf4QMo"
Via: 1.1 vegur
CF-Cache-Status: DYNAMIC
Server: cloudflare
CF-RAY: 8baec17848f78eda-FRA

{
    "name": "morpheus",
    "job": "leader",
    "id": "572",
    "createdAt": "2024-08-29T18:55:30.670Z"
}
]]></system-out>
  <system-err><![CDATA[]]></system-err>
</testsuite>
