<?xml version="1.0" encoding="UTF-8"?>
<testsuite name="postMethodTests.RegisterMethods.RegisterTests" tests="2" skipped="0" failures="0" errors="0" timestamp="2024-08-28T14:57:34" hostname="DESKTOP-FL91MBP" time="0.442">
  <properties/>
  <testcase name="SuccessfulRegisterUser()" classname="postMethodTests.RegisterMethods.RegisterTests" time="0.241"/>
  <testcase name="UnsuccessfulRegisterUser()" classname="postMethodTests.RegisterMethods.RegisterTests" time="0.199"/>
  <system-out><![CDATA[HTTP/1.1 200 OK
Date: Wed, 28 Aug 2024 14:57:34 GMT
Content-Type: application/json; charset=utf-8
Content-Length: 36
Connection: keep-alive
Report-To: {"group":"heroku-nel","max_age":3600,"endpoints":[{"url":"https://nel.heroku.com/reports?ts=1724857054&sid=c4c9725f-1ab0-44d8-820f-430df2718e11&s=4BQIC2CEV%2BntF6oKdT4Uc0PdpoJgcVdQL3PwGhEC2ng%3D"}]}
Reporting-Endpoints: heroku-nel=https://nel.heroku.com/reports?ts=1724857054&sid=c4c9725f-1ab0-44d8-820f-430df2718e11&s=4BQIC2CEV%2BntF6oKdT4Uc0PdpoJgcVdQL3PwGhEC2ng%3D
Nel: {"report_to":"heroku-nel","max_age":3600,"success_fraction":0.005,"failure_fraction":0.05,"response_headers":["Via"]}
X-Powered-By: Express
Access-Control-Allow-Origin: *
Etag: W/"24-4iP0za1geN2he+ohu8F0FhCjLks"
Via: 1.1 vegur
CF-Cache-Status: DYNAMIC
Server: cloudflare
CF-RAY: 8ba5278cacb50a75-AMS

{
    "id": 4,
    "token": "QpwL5tke4Pnpja7X4"
}
HTTP/1.1 400 Bad Request
Date: Wed, 28 Aug 2024 14:57:34 GMT
Content-Type: application/json; charset=utf-8
Content-Length: 28
Connection: keep-alive
Report-To: {"group":"heroku-nel","max_age":3600,"endpoints":[{"url":"https://nel.heroku.com/reports?ts=1724857054&sid=c4c9725f-1ab0-44d8-820f-430df2718e11&s=4BQIC2CEV%2BntF6oKdT4Uc0PdpoJgcVdQL3PwGhEC2ng%3D"}]}
Reporting-Endpoints: heroku-nel=https://nel.heroku.com/reports?ts=1724857054&sid=c4c9725f-1ab0-44d8-820f-430df2718e11&s=4BQIC2CEV%2BntF6oKdT4Uc0PdpoJgcVdQL3PwGhEC2ng%3D
Nel: {"report_to":"heroku-nel","max_age":3600,"success_fraction":0.005,"failure_fraction":0.05,"response_headers":["Via"]}
X-Powered-By: Express
Access-Control-Allow-Origin: *
Etag: W/"1c-NmpazMScs9tOqR7eDEesn+pqC9Q"
Via: 1.1 vegur
CF-Cache-Status: DYNAMIC
Server: cloudflare
CF-RAY: 8ba5278dfe259f5e-AMS

{
    "error": "Missing password"
}
]]></system-out>
  <system-err><![CDATA[]]></system-err>
</testsuite>
