<?xml version="1.0" encoding="UTF-8"?>
<testsuite name="postMethodTests.CreateMethods.PostTest" tests="4" skipped="0" failures="0" errors="0" timestamp="2024-09-06T02:52:12" hostname="DESKTOP-FL91MBP" time="1.18">
  <properties/>
  <testcase name="postTest_assertEqualsJob()" classname="postMethodTests.CreateMethods.PostTest" time="0.384"/>
  <testcase name="postTest_assertEqualsDate()" classname="postMethodTests.CreateMethods.PostTest" time="0.273"/>
  <testcase name="postTest_assertEqualsName()" classname="postMethodTests.CreateMethods.PostTest" time="0.286"/>
  <testcase name="postTest_assertNotNullUser()" classname="postMethodTests.CreateMethods.PostTest" time="0.235"/>
  <system-out><![CDATA[
Название теста: ?[37mpostTest_assertEqualsJob?[0m.
Статус код: ?[37m201?[0m.
Время затраченное на получение ответа: ?[33m314?[0m ms.


Поле '?[37mJob?[0m', введенное при создании: ?[33mleader?[0m, также '?[37mJob?[0m' отображаемое в созданном пользователе: ?[33mleader?[0m.


Название теста: ?[37mpostTest_assertEqualsDate?[0m.
Статус код: ?[37m201?[0m.
Время затраченное на получение ответа: ?[33m260?[0m ms.


Сегодняшняя дата: ?[33m2024-09-06?[0m, ?[37mдата создания пользователя?[0m: ?[33m2024-09-06?[0m.


Название теста: ?[37mpostTest_assertEqualsName?[0m.
Статус код: ?[37m201?[0m.
Время затраченное на получение ответа: ?[33m282?[0m ms.


Поле '?[37mName?[0m', введенное при создании: ?[33mmorpheus?[0m, также '?[37mName?[0m' отображаемое в созданном пользователе: ?[33mmorpheus?[0m.


Название теста: ?[37mpostTest_assertNotNullUser?[0m.
Статус код: ?[37m201?[0m.
Время затраченное на получение ответа: ?[33m230?[0m ms.


Объект '?[37muserResponse?[0m' не равен null.

]]></system-out>
  <system-err><![CDATA[]]></system-err>
</testsuite>
