<?xml version="1.0" encoding="UTF-8"?>
<testsuite name="delayedMethodTests.DelayedTest" tests="1" skipped="0" failures="0" errors="0" timestamp="2024-09-05T08:06:07" hostname="DESKTOP-FL91MBP" time="4.403">
  <properties/>
  <testcase name="delayedTest()" classname="delayedMethodTests.DelayedTest" time="4.403"/>
  <system-out><![CDATA[]]></system-out>
  <system-err><![CDATA[[Test worker] INFO utilCollection.WriteLogger - 
Название теста: ?[37mdelayedTest?[0m.
Статус код: ?[37m200?[0m.
Время затраченное на получение ответа: ?[33m3657?[0m ms.

]]></system-err>
</testsuite>
