<?xml version="1.0" encoding="UTF-8"?>
<testsuite name="postMethodTests.CreateMethods.PostTest" tests="4" skipped="0" failures="0" errors="0" timestamp="2024-09-05T08:06:14" hostname="DESKTOP-FL91MBP" time="1.079">
  <properties/>
  <testcase name="postTest_assertEqualsJob()" classname="postMethodTests.CreateMethods.PostTest" time="0.325"/>
  <testcase name="postTest_assertEqualsDate()" classname="postMethodTests.CreateMethods.PostTest" time="0.269"/>
  <testcase name="postTest_assertEqualsName()" classname="postMethodTests.CreateMethods.PostTest" time="0.244"/>
  <testcase name="postTest_assertNotNullUser()" classname="postMethodTests.CreateMethods.PostTest" time="0.239"/>
  <system-out><![CDATA[]]></system-out>
  <system-err><![CDATA[[Test worker] INFO utilCollection.WriteLogger - 
Название теста: ?[37mpostTest_assertEqualsJob?[0m.
Статус код: ?[37m201?[0m.
Время затраченное на получение ответа: ?[33m228?[0m ms.

[Test worker] INFO utilCollection.WriteLogger - 
Поле '?[37mJob?[0m', введенное при создании: ?[33mleader?[0m, также '?[37mJob?[0m' отображаемое в созданном пользователе: ?[33mleader?[0m.

[Test worker] INFO utilCollection.WriteLogger - 
Название теста: ?[37mpostTest_assertEqualsDate?[0m.
Статус код: ?[37m201?[0m.
Время затраченное на получение ответа: ?[33m255?[0m ms.

[Test worker] INFO utilCollection.WriteLogger - 
Сегодняшняя дата: ?[33m2024-09-05?[0m, ?[37mдата создания пользователя?[0m: ?[33m2024-09-05?[0m.

[Test worker] INFO utilCollection.WriteLogger - 
Название теста: ?[37mpostTest_assertEqualsName?[0m.
Статус код: ?[37m201?[0m.
Время затраченное на получение ответа: ?[33m238?[0m ms.

[Test worker] INFO utilCollection.WriteLogger - 
Поле '?[37mName?[0m', введенное при создании: ?[33mmorpheus?[0m, также '?[37mName?[0m' отображаемое в созданном пользователе: ?[33mmorpheus?[0m.

[Test worker] INFO utilCollection.WriteLogger - 
Название теста: ?[37mpostTest_assertNotNullUser?[0m.
Статус код: ?[37m201?[0m.
Время затраченное на получение ответа: ?[33m235?[0m ms.

[Test worker] INFO utilCollection.WriteLogger - 
Объект '?[37muserResponse?[0m' не равен null.

]]></system-err>
</testsuite>
