<?xml version="1.0" encoding="UTF-8"?>
<testsuite name="postMethodTests.LoginMethods.UnsuccessfulLoginTest" tests="1" skipped="0" failures="0" errors="0" timestamp="2024-09-06T02:52:14" hostname="DESKTOP-FL91MBP" time="0.307">
  <properties/>
  <testcase name="postTest_assertEquals()" classname="postMethodTests.LoginMethods.UnsuccessfulLoginTest" time="0.307"/>
  <system-out><![CDATA[
Поле '?[37mmessage?[0m', введенное при создании: ?[33mMissing password?[0m, также '?[37mmessage?[0m' отображаемое в созданном пользователе: ?[33mMissing password?[0m.


Название теста: ?[37mpostTest_assertEquals?[0m.
Статус код: ?[37m400?[0m.
Время затраченное на получение ответа: ?[33m298?[0m ms.

]]></system-out>
  <system-err><![CDATA[]]></system-err>
</testsuite>
