<?xml version="1.0" encoding="UTF-8"?>
<testsuite name="deleteMethodTests.DeleteTest" tests="1" skipped="0" failures="0" errors="0" timestamp="2024-09-05T08:06:12" hostname="DESKTOP-FL91MBP" time="0.242">
  <properties/>
  <testcase name="deleteUser_test()" classname="deleteMethodTests.DeleteTest" time="0.242"/>
  <system-out><![CDATA[]]></system-out>
  <system-err><![CDATA[[Test worker] INFO utilCollection.WriteLogger - 
Название теста: ?[37mdeleteTest?[0m.
Статус код: ?[37m204?[0m.
Время затраченное на получение ответа: ?[33m233?[0m ms.

]]></system-err>
</testsuite>
