<?xml version="1.0" encoding="UTF-8"?>
<testsuite name="updateMethods.putMethodTests.Update_PutTest" tests="1" skipped="0" failures="0" errors="0" timestamp="2024-08-28T14:57:34" hostname="DESKTOP-FL91MBP" time="0.209">
  <properties/>
  <testcase name="update_user_test()" classname="updateMethods.putMethodTests.Update_PutTest" time="0.209"/>
  <system-out><![CDATA[HTTP/1.1 200 OK
Date: Wed, 28 Aug 2024 14:57:34 GMT
Content-Type: application/json; charset=utf-8
Transfer-Encoding: chunked
Connection: keep-alive
Report-To: {"group":"heroku-nel","max_age":3600,"endpoints":[{"url":"https://nel.heroku.com/reports?ts=1724857054&sid=c4c9725f-1ab0-44d8-820f-430df2718e11&s=4BQIC2CEV%2BntF6oKdT4Uc0PdpoJgcVdQL3PwGhEC2ng%3D"}]}
Reporting-Endpoints: heroku-nel=https://nel.heroku.com/reports?ts=1724857054&sid=c4c9725f-1ab0-44d8-820f-430df2718e11&s=4BQIC2CEV%2BntF6oKdT4Uc0PdpoJgcVdQL3PwGhEC2ng%3D
Nel: {"report_to":"heroku-nel","max_age":3600,"success_fraction":0.005,"failure_fraction":0.05,"response_headers":["Via"]}
X-Powered-By: Express
Access-Control-Allow-Origin: *
Etag: W/"50-JmzOTB/dm7JnAZL5VXF0WmMBTfU"
Via: 1.1 vegur
CF-Cache-Status: DYNAMIC
Vary: Accept-Encoding
Server: cloudflare
CF-RAY: 8ba527908b119f63-AMS
Content-Encoding: gzip

{
    "name": "morpheus",
    "job": "zion resident",
    "updatedAt": "2024-08-28T14:57:34.853Z"
}
]]></system-out>
  <system-err><![CDATA[]]></system-err>
</testsuite>
