<?xml version="1.0" encoding="UTF-8"?>
<testsuite name="getMethodTests.Resources.GetResourceTest" tests="3" skipped="0" failures="0" errors="0" timestamp="2024-09-06T02:52:10" hostname="DESKTOP-FL91MBP" time="1.523">
  <properties/>
  <testcase name="getListOfResource_assertNotNull()" classname="getMethodTests.Resources.GetResourceTest" time="1.112"/>
  <testcase name="getSingleResource_assertNotNull()" classname="getMethodTests.Resources.GetResourceTest" time="0.131"/>
  <testcase name="getNotFoundResource_assertNull()" classname="getMethodTests.Resources.GetResourceTest" time="0.28"/>
  <system-out><![CDATA[
Название теста: ?[37mgetListOfResource?[0m.
Статус код: ?[37m200?[0m.
Время затраченное на получение ответа: ?[33m301?[0m ms.


Объект '?[37mlistOfResource?[0m' не равен null.


Название теста: ?[37mgetSingleResource?[0m.
Статус код: ?[37m200?[0m.
Время затраченное на получение ответа: ?[33m113?[0m ms.


Объект '?[37msingleResource?[0m' не равен null.


Название теста: ?[37mgetNotFoundResource?[0m.
Статус код: ?[37m404?[0m.
Время затраченное на получение ответа: ?[33m266?[0m ms.


Объект '?[37msingleResource?[0m' равен null.

]]></system-out>
  <system-err><![CDATA[]]></system-err>
</testsuite>
