<?xml version="1.0" encoding="UTF-8"?>
<testsuite name="postMethodTests.CreateMethods.PostTest" tests="4" skipped="0" failures="0" errors="0" timestamp="2024-09-08T17:18:40" hostname="DESKTOP-FL91MBP" time="1.829">
  <properties/>
  <testcase name="postTest_assertEqualsJob()" classname="postMethodTests.CreateMethods.PostTest" time="0.504"/>
  <testcase name="postTest_assertEqualsDate()" classname="postMethodTests.CreateMethods.PostTest" time="0.324"/>
  <testcase name="postTest_assertEqualsName()" classname="postMethodTests.CreateMethods.PostTest" time="0.392"/>
  <testcase name="postTest_assertNotNullUser()" classname="postMethodTests.CreateMethods.PostTest" time="0.608"/>
  <system-out><![CDATA[2024-09-08 20:18:41 INFO  PostTest:54 - 
Status Code: 201.
Time for Response: 424 ms.

2024-09-08 20:18:41 INFO  PostTest:57 - 
Field 'Job', введенное при создании: leader, также 'Job' отображаемое в созданном пользователе: leader.

2024-09-08T17:18:41.435Z Test worker WARN The Logger postMethodTests.CreateMethods.PostTest was created with the message factory org.apache.logging.log4j.message.ReusableMessageFactory@7165d530 and is now requested with a null message factory (defaults to org.apache.logging.log4j.message.ParameterizedMessageFactory), which may create log events with unexpected formatting.
2024-09-08 20:18:41 INFO  PostTest:63 - 
Status Code: 201.
Time for Response: 317 ms.

2024-09-08 20:18:41 INFO  PostTest:66 - 
Сегодняшняя дата: 2024-09-08, дата создания пользователя: 2024-09-08.

2024-09-08T17:18:41.760Z Test worker WARN The Logger postMethodTests.CreateMethods.PostTest was created with the message factory org.apache.logging.log4j.message.ReusableMessageFactory@7165d530 and is now requested with a null message factory (defaults to org.apache.logging.log4j.message.ParameterizedMessageFactory), which may create log events with unexpected formatting.
2024-09-08 20:18:42 INFO  PostTest:45 - 
Status Code: 201.
Time for Response: 386 ms.

2024-09-08 20:18:42 INFO  PostTest:48 - 
Field 'Name', введенное при создании: morpheus, также 'Name' отображаемое в созданном пользователе: morpheus.

2024-09-08T17:18:42.152Z Test worker WARN The Logger postMethodTests.CreateMethods.PostTest was created with the message factory org.apache.logging.log4j.message.ReusableMessageFactory@7165d530 and is now requested with a null message factory (defaults to org.apache.logging.log4j.message.ParameterizedMessageFactory), which may create log events with unexpected formatting.
2024-09-08 20:18:42 INFO  PostTest:36 - 
Status Code: 201.
Time for Response: 602 ms.

2024-09-08 20:18:42 INFO  PostTest:39 - 
Object 'userResponse' is not null.

]]></system-out>
  <system-err><![CDATA[]]></system-err>
</testsuite>
