<?xml version="1.0" encoding="UTF-8"?>
<testsuite name="getMethodTests.Users.GetUserTest" tests="4" skipped="0" failures="0" errors="0" timestamp="2024-09-06T02:52:11" hostname="DESKTOP-FL91MBP" time="0.732">
  <properties/>
  <testcase name="getListOfUser_assertNotNull()" classname="getMethodTests.Users.GetUserTest" time="0.131"/>
  <testcase name="getListOfUser_assertEmail()" classname="getMethodTests.Users.GetUserTest" time="0.131"/>
  <testcase name="getSingleUser_assertNotNull()" classname="getMethodTests.Users.GetUserTest" time="0.199"/>
  <testcase name="getNotFoundUser_assertNull()" classname="getMethodTests.Users.GetUserTest" time="0.27"/>
  <system-out><![CDATA[
Название теста: ?[37mgetListOfUsers?[0m.
Статус код: ?[37m200?[0m.
Время затраченное на получение ответа: ?[33m113?[0m ms.


Объект '?[37mlistOfUser?[0m' не равен null.


Название теста: ?[37mgetListOfUsers?[0m.
Статус код: ?[37m200?[0m.
Время затраченное на получение ответа: ?[33m114?[0m ms.


Название теста: ?[37mgetSingleUser?[0m.
Статус код: ?[37m200?[0m.
Время затраченное на получение ответа: ?[33m187?[0m ms.


Объект '?[37msingleUser?[0m' не равен null.


Название теста: ?[37mgetNotFoundUser?[0m.
Статус код: ?[37m404?[0m.
Время затраченное на получение ответа: ?[33m259?[0m ms.


Объект '?[37msingleUser?[0m' равен null.

]]></system-out>
  <system-err><![CDATA[]]></system-err>
</testsuite>
