<?xml version="1.0" encoding="UTF-8"?>
<testsuite name="postMethodTests.LoginMethods.LoginTests" tests="2" skipped="0" failures="0" errors="0" timestamp="2024-08-28T14:57:33" hostname="DESKTOP-FL91MBP" time="0.579">
  <properties/>
  <testcase name="UnsuccessfulLoginUser()" classname="postMethodTests.LoginMethods.LoginTests" time="0.288"/>
  <testcase name="SuccessfulLoginUser()" classname="postMethodTests.LoginMethods.LoginTests" time="0.288"/>
  <system-out><![CDATA[HTTP/1.1 400 Bad Request
Date: Wed, 28 Aug 2024 14:57:33 GMT
Content-Type: application/json; charset=utf-8
Content-Length: 28
Connection: keep-alive
Report-To: {"group":"heroku-nel","max_age":3600,"endpoints":[{"url":"https://nel.heroku.com/reports?ts=1724857053&sid=c4c9725f-1ab0-44d8-820f-430df2718e11&s=yaj6VCNnNOxEjJ8qDZkZp7L7e83HjTdIHaZH76%2BkO9I%3D"}]}
Reporting-Endpoints: heroku-nel=https://nel.heroku.com/reports?ts=1724857053&sid=c4c9725f-1ab0-44d8-820f-430df2718e11&s=yaj6VCNnNOxEjJ8qDZkZp7L7e83HjTdIHaZH76%2BkO9I%3D
Nel: {"report_to":"heroku-nel","max_age":3600,"success_fraction":0.005,"failure_fraction":0.05,"response_headers":["Via"]}
X-Powered-By: Express
Access-Control-Allow-Origin: *
Etag: W/"1c-NmpazMScs9tOqR7eDEesn+pqC9Q"
Via: 1.1 vegur
CF-Cache-Status: DYNAMIC
Server: cloudflare
CF-RAY: 8ba527894e3a1c7e-AMS

{
    "error": "Missing password"
}
HTTP/1.1 200 OK
Date: Wed, 28 Aug 2024 14:57:34 GMT
Content-Type: application/json; charset=utf-8
Content-Length: 29
Connection: keep-alive
Report-To: {"group":"heroku-nel","max_age":3600,"endpoints":[{"url":"https://nel.heroku.com/reports?ts=1724857053&sid=c4c9725f-1ab0-44d8-820f-430df2718e11&s=yaj6VCNnNOxEjJ8qDZkZp7L7e83HjTdIHaZH76%2BkO9I%3D"}]}
Reporting-Endpoints: heroku-nel=https://nel.heroku.com/reports?ts=1724857053&sid=c4c9725f-1ab0-44d8-820f-430df2718e11&s=yaj6VCNnNOxEjJ8qDZkZp7L7e83HjTdIHaZH76%2BkO9I%3D
Nel: {"report_to":"heroku-nel","max_age":3600,"success_fraction":0.005,"failure_fraction":0.05,"response_headers":["Via"]}
X-Powered-By: Express
Access-Control-Allow-Origin: *
Etag: W/"1d-lGCrvD6B7Qzk11+2C98+nGhhuec"
Via: 1.1 vegur
CF-Cache-Status: DYNAMIC
Server: cloudflare
CF-RAY: 8ba5278ab89ca866-RIX

{
    "token": "QpwL5tke4Pnpja7X4"
}
]]></system-out>
  <system-err><![CDATA[]]></system-err>
</testsuite>
